<?xml version="1.0" encoding="UTF-8"?>
<TestRun id="7c6c478f-2169-43f5-b9ba-5690c488aac7" name="hefangshi@HEFANGSHI-PC 2013-01-21 23:42:21" runUser="hefangshi-PC\hefangshi" xmlns="http://microsoft.com/schemas/VisualStudio/TeamTest/2010">
  <TestSettings name="Local" id="dc9b742f-e5e2-429a-820d-79383eeb8920">
    <Description>These are default test settings for a local test run.</Description>
    <Deployment enabled="false" runDeploymentRoot="hefangshi_HEFANGSHI-PC 2013-01-21 23_42_21">
      <DeploymentItem filename="D:\Code\dolspider\Dol.Base\bin\Debug\Dol.Base.dll" />
      <DeploymentItem filename="D:\Code\dolspider\DolSearch\bin\Debug\DolSearch.dll" />
    </Deployment>
    <Execution>
      <TestTypeSpecific />
      <AgentRule name="Execution Agents">
      </AgentRule>
    </Execution>
  </TestSettings>
  <Times creation="2013-01-21T23:42:21.6789407+08:00" queuing="2013-01-21T23:42:23.1010221+08:00" start="2013-01-21T23:42:23.2310295+08:00" finish="2013-01-21T23:44:11.7632372+08:00" />
  <ResultSummary outcome="Error">
    <Counters total="2" executed="2" passed="1" error="0" failed="0" timeout="0" aborted="1" inconclusive="0" passedButRunAborted="0" notRunnable="0" notExecuted="0" disconnected="0" warning="0" completed="0" inProgress="0" pending="0" />
    <RunInfos>
      <RunInfo computerName="HEFANGSHI-PC" outcome="Error" timestamp="2013-01-21T23:44:11.7592370+08:00">
        <Text>Test host process exited unexpectedly.</Text>
      </RunInfo>
    </RunInfos>
  </ResultSummary>
  <TestDefinitions>
    <UnitTest name="DolRouteLDConstructorTest" storage="d:\code\dolspider\dolsearch.test\bin\debug\dolsearch.test.dll" id="4963c816-dffa-4324-b0fa-a1d076176177">
      <Execution id="f54ea780-e0d9-425f-a70e-469cf319c6c1" />
      <TestMethod codeBase="D:/Code/dolspider/DolSearch.Test/bin/Debug/DolSearch.Test.DLL" adapterTypeName="Microsoft.VisualStudio.TestTools.TestTypes.Unit.UnitTestAdapter, Microsoft.VisualStudio.QualityTools.Tips.UnitTest.Adapter, Version=10.0.0.0, Culture=neutral, PublicKeyToken=b03f5f7f11d50a3a" className="DolSearch.Test.DolRouteLDTest, DolSearch.Test, Version=1.0.0.0, Culture=neutral, PublicKeyToken=null" name="DolRouteLDConstructorTest" />
    </UnitTest>
    <UnitTest name="ComputeTest" storage="d:\code\dolspider\dolsearch.test\bin\debug\dolsearch.test.dll" id="4c5d95ff-d51d-ddf1-0a3c-da6d963cb132">
      <Execution id="aaaf0624-06e1-4e43-9d8f-2b93afe29372" />
      <TestMethod codeBase="D:/Code/dolspider/DolSearch.Test/bin/Debug/DolSearch.Test.DLL" adapterTypeName="Microsoft.VisualStudio.TestTools.TestTypes.Unit.UnitTestAdapter, Microsoft.VisualStudio.QualityTools.Tips.UnitTest.Adapter, Version=10.0.0.0, Culture=neutral, PublicKeyToken=b03f5f7f11d50a3a" className="DolSearch.Test.LevenshteinDistanceTest, DolSearch.Test, Version=1.0.0.0, Culture=neutral, PublicKeyToken=null" name="ComputeTest" />
    </UnitTest>
  </TestDefinitions>
  <TestLists>
    <TestList name="Results Not in a List" id="8c84fa94-04c1-424b-9868-57a2d4851a1d" />
    <TestList name="All Loaded Results" id="19431567-8539-422a-85d7-44ee4e166bda" />
  </TestLists>
  <TestEntries>
    <TestEntry testId="4963c816-dffa-4324-b0fa-a1d076176177" executionId="f54ea780-e0d9-425f-a70e-469cf319c6c1" testListId="8c84fa94-04c1-424b-9868-57a2d4851a1d" />
    <TestEntry testId="4c5d95ff-d51d-ddf1-0a3c-da6d963cb132" executionId="aaaf0624-06e1-4e43-9d8f-2b93afe29372" testListId="8c84fa94-04c1-424b-9868-57a2d4851a1d" />
  </TestEntries>
  <Results>
    <UnitTestResult executionId="f54ea780-e0d9-425f-a70e-469cf319c6c1" testId="4963c816-dffa-4324-b0fa-a1d076176177" testName="DolRouteLDConstructorTest" computerName="HEFANGSHI-PC" duration="00:00:08.9215628" startTime="2013-01-21T23:42:23.3390357+08:00" endTime="2013-01-21T23:42:33.6256240+08:00" testType="13cdc9d9-ddb5-4fa4-a97d-d965ccfc6d4b" outcome="Passed" testListId="8c84fa94-04c1-424b-9868-57a2d4851a1d" relativeResultsDirectory="f54ea780-e0d9-425f-a70e-469cf319c6c1">
    </UnitTestResult>
    <UnitTestResult executionId="aaaf0624-06e1-4e43-9d8f-2b93afe29372" testId="4c5d95ff-d51d-ddf1-0a3c-da6d963cb132" testName="ComputeTest" computerName="HEFANGSHI-PC" duration="00:01:38.1116117" startTime="2013-01-21T23:42:33.6516255+08:00" endTime="2013-01-21T23:44:11.7632372+08:00" testType="13cdc9d9-ddb5-4fa4-a97d-d965ccfc6d4b" outcome="Aborted" testListId="8c84fa94-04c1-424b-9868-57a2d4851a1d" relativeResultsDirectory="aaaf0624-06e1-4e43-9d8f-2b93afe29372">
    </UnitTestResult>
  </Results>
</TestRun>